<?xml version="1.0" encoding="UTF-8"?>
<testng-results ignored="0" total="0" passed="0" failed="0" skipped="0">
  <reporter-output>
  </reporter-output>
  <suite started-at="2022-02-09T09:41:30 EET" name="com.selinium.course_project.tests.base.TestBaseUtil" finished-at="2022-02-09T09:41:33 EET" duration-ms="3845">
    <groups>
    </groups>
    <test started-at="2022-02-09T09:41:30 EET" name="Command line test" finished-at="2022-02-09T09:41:33 EET" duration-ms="3845">
      <class name="com.selinium.course_project.tests.base.TestBaseUtil">
        <test-method is-config="true" signature="setUpNewSession()[pri:0, instance:com.selinium.course_project.tests.base.TestBaseUtil@6a472554]" started-at="2022-02-09T09:41:30 EET" name="setUpNewSession" finished-at="2022-02-09T09:41:33 EET" duration-ms="3669" status="PASS">
          <reporter-output>
          </reporter-output>
        </test-method> <!-- setUpNewSession -->
        <test-method is-config="true" signature="tearDownSession()[pri:0, instance:com.selinium.course_project.tests.base.TestBaseUtil@6a472554]" started-at="2022-02-09T09:41:33 EET" name="tearDownSession" finished-at="2022-02-09T09:41:33 EET" duration-ms="167" status="PASS">
          <reporter-output>
          </reporter-output>
        </test-method> <!-- tearDownSession -->
      </class> <!-- com.selinium.course_project.tests.base.TestBaseUtil -->
    </test> <!-- Command line test -->
  </suite> <!-- com.selinium.course_project.tests.base.TestBaseUtil -->
</testng-results>
